Build started 9/4/2012 10:40:28 PM.
     1>Project "C:\Users\Stein\Documents\CatPicture\vc10\CatPicture.vcxproj" on node 2 (build target(s)).
     1>InitializeBuildStatus:
         Creating "Debug\CatPicture.unsuccessfulbuild" because "AlwaysCreate" was specified.
       ClCompile:
         C:\Program Files\Microsoft Visual Studio 10.0\VC\bin\CL.exe /c /I..\include /I..\..\..\..\..\cinder\cinder_0.8.4_vc2010\include /I..\..\..\..\..\cinder\cinder_0.8.4_vc2010\boost /ZI /nologo /W3 /WX- /Od /Oy- /D WIN32 /D _DEBUG /D _WINDOWS /D _UNICODE /D UNICODE /Gm /EHsc /RTC1 /MTd /GS /fp:precise /Zc:wchar_t /Zc:forScope /Fo"Debug\\" /Fd"Debug\vc100.pdb" /Gd /TP /analyze- /errorReport:prompt ..\src\CatPictureApp.cpp
         CatPictureApp.cpp
       ResourceCompile:
         All outputs are up-to-date.
       ManifestResourceCompile:
         All outputs are up-to-date.
       Link:
         C:\Program Files\Microsoft Visual Studio 10.0\VC\bin\link.exe /ERRORREPORT:PROMPT /OUT:"C:\Users\Stein\Documents\CatPicture\vc10\Debug\CatPicture.exe" /INCREMENTAL /NOLOGO /LIBPATH:..\..\..\..\..\cinder\cinder_0.8.4_vc2010\lib /LIBPATH:..\..\..\..\..\cinder\cinder_0.8.4_vc2010\lib\msw cinder_d.lib kernel32.lib user32.lib gdi32.lib winspool.lib comdlg32.lib advapi32.lib shell32.lib ole32.lib oleaut32.lib uuid.lib odbc32.lib odbccp32.lib /NODEFAULTLIB:LIBCMT /MANIFEST /ManifestFile:"Debug\CatPicture.exe.intermediate.manifest" /MANIFESTUAC:"level='asInvoker' uiAccess='false'" /DEBUG /PDB:"C:\Users\Stein\Documents\CatPicture\vc10\Debug\CatPicture.pdb" /SUBSYSTEM:WINDOWS /TLBID:1 /DYNAMICBASE:NO /IMPLIB:"C:\Users\Stein\Documents\CatPicture\vc10\Debug\CatPicture.lib" /MACHINE:X86 Debug\Resources.res
         Debug\CatPicture.exe.embed.manifest.res
         Debug\CatPictureApp.obj
     1>cinder_d.lib(zutil.obj) : warning LNK4204: 'C:\Users\Stein\Documents\CatPicture\vc10\Debug\vc100.pdb' is missing debugging information for referencing module; linking object as if no debug info
     1>cinder_d.lib(trees.obj) : warning LNK4204: 'C:\Users\Stein\Documents\CatPicture\vc10\Debug\vc100.pdb' is missing debugging information for referencing module; linking object as if no debug info
     1>cinder_d.lib(inftrees.obj) : warning LNK4204: 'C:\Users\Stein\Documents\CatPicture\vc10\Debug\vc100.pdb' is missing debugging information for referencing module; linking object as if no debug info
     1>cinder_d.lib(inflate.obj) : warning LNK4204: 'C:\Users\Stein\Documents\CatPicture\vc10\Debug\vc100.pdb' is missing debugging information for referencing module; linking object as if no debug info
     1>cinder_d.lib(inffast.obj) : warning LNK4204: 'C:\Users\Stein\Documents\CatPicture\vc10\Debug\vc100.pdb' is missing debugging information for referencing module; linking object as if no debug info
     1>cinder_d.lib(deflate.obj) : warning LNK4204: 'C:\Users\Stein\Documents\CatPicture\vc10\Debug\vc100.pdb' is missing debugging information for referencing module; linking object as if no debug info
     1>cinder_d.lib(crc32.obj) : warning LNK4204: 'C:\Users\Stein\Documents\CatPicture\vc10\Debug\vc100.pdb' is missing debugging information for referencing module; linking object as if no debug info
     1>cinder_d.lib(compress.obj) : warning LNK4204: 'C:\Users\Stein\Documents\CatPicture\vc10\Debug\vc100.pdb' is missing debugging information for referencing module; linking object as if no debug info
     1>cinder_d.lib(adler32.obj) : warning LNK4204: 'C:\Users\Stein\Documents\CatPicture\vc10\Debug\vc100.pdb' is missing debugging information for referencing module; linking object as if no debug info
       Manifest:
         C:\Program Files\Microsoft SDKs\Windows\v7.0A\bin\mt.exe /nologo /verbose /out:"Debug\CatPicture.exe.embed.manifest" /manifest Debug\CatPicture.exe.intermediate.manifest
         All outputs are up-to-date.
       LinkEmbedManifest:
         All outputs are up-to-date.
         CatPicture.vcxproj -> C:\Users\Stein\Documents\CatPicture\vc10\Debug\CatPicture.exe
       FinalizeBuildStatus:
         Deleting file "Debug\CatPicture.unsuccessfulbuild".
         Touching "Debug\CatPicture.lastbuildstate".
     1>Done Building Project "C:\Users\Stein\Documents\CatPicture\vc10\CatPicture.vcxproj" (build target(s)).

Build succeeded.

Time Elapsed 00:00:10.55
