C:\USERS\STEIN\DOCUMENTS\CATPICTURE\VC10\DEBUG\CATPICTURE.EXE
C:\USERS\STEIN\DOCUMENTS\CATPICTURE\VC10\DEBUG\CATPICTURE.EXE.EMBED.MANIFEST
C:\USERS\STEIN\DOCUMENTS\CATPICTURE\VC10\DEBUG\CATPICTURE.EXE.EMBED.MANIFEST.RES
C:\USERS\STEIN\DOCUMENTS\CATPICTURE\VC10\DEBUG\CATPICTURE.EXE.INTERMEDIATE.MANIFEST
C:\USERS\STEIN\DOCUMENTS\CATPICTURE\VC10\DEBUG\CATPICTURE.ILK
C:\USERS\STEIN\DOCUMENTS\CATPICTURE\VC10\DEBUG\CATPICTURE.PDB
C:\Users\Stein\Documents\CatPicture\vc10\Debug\CatPicture_manifest.rc
C:\USERS\STEIN\DOCUMENTS\CATPICTURE\VC10\DEBUG\CATPICTUREAPP.OBJ
C:\Users\Stein\Documents\CatPicture\vc10\Debug\cl.command.1.tlog
C:\Users\Stein\Documents\CatPicture\vc10\Debug\CL.read.1.tlog
C:\Users\Stein\Documents\CatPicture\vc10\Debug\CL.write.1.tlog
C:\Users\Stein\Documents\CatPicture\vc10\Debug\link.command.1.tlog
C:\Users\Stein\Documents\CatPicture\vc10\Debug\link.read.1.tlog
C:\Users\Stein\Documents\CatPicture\vc10\Debug\link.read.2.tlog
C:\Users\Stein\Documents\CatPicture\vc10\Debug\link.write.1.tlog
C:\Users\Stein\Documents\CatPicture\vc10\Debug\link-cvtres.read.1.tlog
C:\Users\Stein\Documents\CatPicture\vc10\Debug\link-cvtres.write.1.tlog
C:\Users\Stein\Documents\CatPicture\vc10\Debug\mt.command.1.tlog
C:\Users\Stein\Documents\CatPicture\vc10\Debug\mt.read.1.tlog
C:\Users\Stein\Documents\CatPicture\vc10\Debug\mt.write.1.tlog
C:\Users\Stein\Documents\CatPicture\vc10\Debug\rc.command.1.tlog
C:\Users\Stein\Documents\CatPicture\vc10\Debug\rc.read.1.tlog
C:\Users\Stein\Documents\CatPicture\vc10\Debug\rc.write.1.tlog
C:\USERS\STEIN\DOCUMENTS\CATPICTURE\VC10\DEBUG\RESOURCES.RES
C:\Users\Stein\Documents\CatPicture\vc10\Debug\vc100.idb
C:\USERS\STEIN\DOCUMENTS\CATPICTURE\VC10\DEBUG\VC100.PDB
